Using pre-set license
Built from '2020.2/release' branch; Version is '2020.2.2f1 (068178b99f32) revision 426360'; Using compiler version '192528614'; Build Type 'Release'
OS: 'Windows 10 Enterprise; OS build 18363.1379; Version 1909; 64bit' Language: 'en' Physical Memory: 14214 MB
BatchMode: 1, IsHumanControllingUs: 0, StartBugReporterOnCrash: 0, Is64bit: 1, IsPro: 0

 COMMAND LINE ARGUMENTS:
C:\Program Files\Unity\Hub\Editor\2020.2.2f1\Editor\Unity.exe
-adb2
-batchMode
-noUpm
-name
AssetImportWorker0
-projectPath
C:/Users/Ellie Fowler/Documents/Unity Projects/GameTune and DeltaDNA Tutorial
-logFile
Logs/AssetImportWorker0.log
-srvPort
49288
Successfully changed project path to: C:/Users/Ellie Fowler/Documents/Unity Projects/GameTune and DeltaDNA Tutorial
C:/Users/Ellie Fowler/Documents/Unity Projects/GameTune and DeltaDNA Tutorial
Using Asset Import Pipeline V2.
Refreshing native plugins compatible for Editor in 125.96 ms, found 1 plugins.
Preloading 0 native plugins for Editor in 0.00 ms.
Initialize engine version: 2020.2.2f1 (068178b99f32)
[Subsystems] Discovering subsystems at path C:/Program Files/Unity/Hub/Editor/2020.2.2f1/Editor/Data/Resources/UnitySubsystems
[Subsystems] Discovering subsystems at path C:/Users/Ellie Fowler/Documents/Unity Projects/GameTune and DeltaDNA Tutorial/Assets
GfxDevice: creating device client; threaded=0
Direct3D:
    Version:  Direct3D 11.0 [level 11.1]
    Renderer: AMD Radeon(TM) Vega 10 Graphics (ID=0x15d8)
    Vendor:   
    VRAM:     7107 MB
    Driver:   27.20.1012.3004
Initialize mono
Mono path[0] = 'C:/Program Files/Unity/Hub/Editor/2020.2.2f1/Editor/Data/Managed'
Mono path[1] = 'C:/Program Files/Unity/Hub/Editor/2020.2.2f1/Editor/Data/MonoBleedingEdge/lib/mono/unityjit'
Mono config path = 'C:/Program Files/Unity/Hub/Editor/2020.2.2f1/Editor/Data/MonoBleedingEdge/etc'
Using monoOptions --debugger-agent=transport=dt_socket,embedding=1,server=y,suspend=n,address=127.0.0.1:56468
Begin MonoManager ReloadAssembly
Registering precompiled unity dll's ...
Register platform support module: C:/Program Files/Unity/Hub/Editor/2020.2.2f1/Editor/Data/PlaybackEngines/WebGLSupport/UnityEditor.WebGL.Extensions.dll
Register platform support module: C:/Program Files/Unity/Hub/Editor/2020.2.2f1/Editor/Data/PlaybackEngines/WindowsStandaloneSupport/UnityEditor.WindowsStandalone.Extensions.dll
Registered in 0.007479 seconds.
Native extension for WindowsStandalone target not found
Native extension for WebGL target not found
Refreshing native plugins compatible for Editor in 107.34 ms, found 1 plugins.
Preloading 0 native plugins for Editor in 0.00 ms.
Invoked RoslynAnalysisRunner static constructor.
RoslynAnalysisRunner will not be running.
RoslynAnalysisRunner has terminated.
Mono: successfully reloaded assembly
- Completed reload, in 11.799 seconds
Platform modules already initialized, skipping
Registering precompiled user dll's ...
Registered in 0.010289 seconds.
Begin MonoManager ReloadAssembly
Native extension for WindowsStandalone target not found
Native extension for WebGL target not found
Refreshing native plugins compatible for Editor in 115.01 ms, found 1 plugins.
Preloading 0 native plugins for Editor in 0.00 ms.
Invoked RoslynAnalysisRunner static constructor.
RoslynAnalysisRunner will not be running.
RoslynAnalysisRunner has terminated.
Mono: successfully reloaded assembly
- Completed reload, in  4.541 seconds
Platform modules already initialized, skipping
========================================================================
Worker process is ready to serve import requests
Detected possible issues with the DeltaDNA SDK configuration. Please run 'DeltaDNA -> Health Check SDK' for more details.
UnityEngine.StackTraceUtility:ExtractStackTrace ()
UnityEngine.DebugLogHandler:LogFormat (UnityEngine.LogType,UnityEngine.Object,string,object[])
UnityEngine.Logger:Log (UnityEngine.LogType,object)
UnityEngine.Debug:LogWarning (object)
DeltaDNA.Editor.SdkChecker/<>c:<.cctor>b__2_0 (object,System.Timers.ElapsedEventArgs) (at Assets/DeltaDNA/Editor/SdkChecker.cs:36)
System.Timers.Timer:MyTimerCallback (object)
System.Threading.Timer/Scheduler:TimerCB (object)
System.Threading.QueueUserWorkItemCallback:System.Threading.IThreadPoolWorkItem.ExecuteWorkItem ()
System.Threading.ThreadPoolWorkQueue:Dispatch ()
System.Threading._ThreadPoolWaitCallback:PerformWaitCallback ()

(Filename: Assets/DeltaDNA/Editor/SdkChecker.cs Line: 36)

Launched and connected shader compiler UnityShaderCompiler.exe after 0.24 seconds
Refreshing native plugins compatible for Editor in 1.02 ms, found 1 plugins.
Preloading 0 native plugins for Editor in 0.00 ms.
Unloading 1876 Unused Serialized files (Serialized files now loaded: 0)
System memory in use before: 87.3 MB.
System memory in use after: 87.2 MB.

Unloading 36 unused Assets to reduce memory usage. Loaded Objects now: 2312.
Total: 5.984600 ms (FindLiveObjects: 0.463500 ms CreateObjectMapping: 0.217100 ms MarkObjects: 4.993800 ms  DeleteObjects: 0.307200 ms)

========================================================================
Received Import Request.
  path: Assets/DeltaDNA/Editor/Resources/Logo_184.png
  artifactKey: Guid(8fd68f063d8bf84458819afa0cd8a5e9) Importer(815301076,1909f56bfc062723c751e8b465ee728b)
Start importing Assets/DeltaDNA/Editor/Resources/Logo_184.png using Guid(8fd68f063d8bf84458819afa0cd8a5e9) Importer(815301076,1909f56bfc062723c751e8b465ee728b)  -> (artifact id: '6cb9d67b664da1efdf26324aa6b53677') in 0.216177 seconds
  Import took 0.223902 seconds .

========================================================================
Received Import Request.
  Time since last request: 0.000768 seconds.
  path: Assets/DeltaDNA/Editor/Unity.DeltaDNA.SDK.Editor.asmdef
  artifactKey: Guid(81a894c3e72eb4735afbdf01383002d6) Importer(815301076,1909f56bfc062723c751e8b465ee728b)
Start importing Assets/DeltaDNA/Editor/Unity.DeltaDNA.SDK.Editor.asmdef using Guid(81a894c3e72eb4735afbdf01383002d6) Importer(815301076,1909f56bfc062723c751e8b465ee728b)  -> (artifact id: 'ed23403def882ea08983531a8cf47f0d') in 0.015585 seconds
  Import took 0.023471 seconds .

========================================================================
Received Import Request.
  Time since last request: 0.000464 seconds.
  path: Assets/DeltaDNA/Editor
  artifactKey: Guid(9f85957ff923a449d9536561b1c8c7a9) Importer(815301076,1909f56bfc062723c751e8b465ee728b)
Start importing Assets/DeltaDNA/Editor using Guid(9f85957ff923a449d9536561b1c8c7a9) Importer(815301076,1909f56bfc062723c751e8b465ee728b)  -> (artifact id: '9d62b6758af41b2e3a17ff4b82ba539b') in 0.008177 seconds
  Import took 0.015517 seconds .

========================================================================
Received Import Request.
  Time since last request: 0.000484 seconds.
  path: Assets/DeltaDNA/Editor/Resources
  artifactKey: Guid(8848b2065c1aa44bb8092922e1b8bf60) Importer(815301076,1909f56bfc062723c751e8b465ee728b)
Start importing Assets/DeltaDNA/Editor/Resources using Guid(8848b2065c1aa44bb8092922e1b8bf60) Importer(815301076,1909f56bfc062723c751e8b465ee728b)  -> (artifact id: '82ecd8b907135471cf8f8ad1767fe1d9') in 0.008107 seconds
  Import took 0.016573 seconds .

========================================================================
Received Import Request.
  Time since last request: 0.000457 seconds.
  path: Assets/DeltaDNA/Editor/Resources/Logo_16.png
  artifactKey: Guid(2d52d16d0474d914191b4e1ac3499954) Importer(815301076,1909f56bfc062723c751e8b465ee728b)
Start importing Assets/DeltaDNA/Editor/Resources/Logo_16.png using Guid(2d52d16d0474d914191b4e1ac3499954) Importer(815301076,1909f56bfc062723c751e8b465ee728b)  -> (artifact id: '624639a0ce4ee055dd2eba8e502a8243') in 0.018659 seconds
  Import took 0.026020 seconds .

========================================================================
Received Import Request.
  Time since last request: 0.000544 seconds.
  path: Assets/DeltaDNA
  artifactKey: Guid(da3d68dd483a24a20b6a23d4ddd730a2) Importer(815301076,1909f56bfc062723c751e8b465ee728b)
Start importing Assets/DeltaDNA using Guid(da3d68dd483a24a20b6a23d4ddd730a2) Importer(815301076,1909f56bfc062723c751e8b465ee728b)  -> (artifact id: 'ca005ae1fc187c3157dc21443c4178a6') in 0.008467 seconds
  Import took 0.015880 seconds .

========================================================================
Received Import Request.
  Time since last request: 0.000516 seconds.
  path: Assets/DeltaDNA/Editor/Resources/Logo.png
  artifactKey: Guid(8441bf58af4182047bf52ed29b668d6b) Importer(815301076,1909f56bfc062723c751e8b465ee728b)
Start importing Assets/DeltaDNA/Editor/Resources/Logo.png using Guid(8441bf58af4182047bf52ed29b668d6b) Importer(815301076,1909f56bfc062723c751e8b465ee728b)  -> (artifact id: '7c1045475220dc510583b26d3b7af207') in 0.021762 seconds
  Import took 0.029223 seconds .

========================================================================
Received Import Request.
  Time since last request: 324.006532 seconds.
  path: Assets/DeltaDNA/Editor/Resources/Logo_184.png
  artifactKey: Guid(8fd68f063d8bf84458819afa0cd8a5e9) Importer(815301076,1909f56bfc062723c751e8b465ee728b)
Start importing Assets/DeltaDNA/Editor/Resources/Logo_184.png using Guid(8fd68f063d8bf84458819afa0cd8a5e9) Importer(815301076,1909f56bfc062723c751e8b465ee728b)  -> (artifact id: '7532159cb44e1744c647a79442847db9') in 0.137163 seconds
  Import took 0.145169 seconds .

========================================================================
Received Import Request.
  Time since last request: 13.549650 seconds.
  path: Assets/DeltaDNA/Runtime
  artifactKey: Guid(965c12775079a45e9bb2d815949c797c) Importer(815301076,1909f56bfc062723c751e8b465ee728b)
Start importing Assets/DeltaDNA/Runtime using Guid(965c12775079a45e9bb2d815949c797c) Importer(815301076,1909f56bfc062723c751e8b465ee728b)  -> (artifact id: 'e50a152fc98e09f4c81fca26c2eab37e') in 0.008815 seconds
  Import took 0.017889 seconds .

========================================================================
Received Import Request.
  Time since last request: 0.144288 seconds.
  path: Assets/DeltaDNA/Runtime/Unity.DeltaDNA.SDK.asmdef
  artifactKey: Guid(e06a00f73a48f479db7d9969c423afe8) Importer(815301076,1909f56bfc062723c751e8b465ee728b)
Start importing Assets/DeltaDNA/Runtime/Unity.DeltaDNA.SDK.asmdef using Guid(e06a00f73a48f479db7d9969c423afe8) Importer(815301076,1909f56bfc062723c751e8b465ee728b)  -> (artifact id: '81e50f3e40ff37913310abc2ae7df062') in 0.010744 seconds
  Import took 0.019236 seconds .

========================================================================
Received Import Request.
  Time since last request: 108.785534 seconds.
  path: Assets
  artifactKey: Guid(00000000000000001000000000000000) Importer(815301076,1909f56bfc062723c751e8b465ee728b)
Start importing Assets using Guid(00000000000000001000000000000000) Importer(815301076,1909f56bfc062723c751e8b465ee728b)  -> (artifact id: '4a6e520b92ccfc61bcfa21a7bcab8468') in 0.008994 seconds
  Import took 0.016392 seconds .

========================================================================
Received Import Request.
  Time since last request: 6.120895 seconds.
  path: Assets/Scripts
  artifactKey: Guid(5b119b8bb989e194fabfd20008c3cfa4) Importer(815301076,1909f56bfc062723c751e8b465ee728b)
Start importing Assets/Scripts using Guid(5b119b8bb989e194fabfd20008c3cfa4) Importer(815301076,1909f56bfc062723c751e8b465ee728b)  -> (artifact id: '50ab3f5df8fc623c207496e3f408a79d') in 0.010238 seconds
  Import took 0.016837 seconds .

========================================================================
Received Import Request.
  Time since last request: 12.992171 seconds.
  path: Assets/Scripts/DeltaDNAManager.cs
  artifactKey: Guid(f5b6b1527b1166c468f9059e07fec456) Importer(815301076,1909f56bfc062723c751e8b465ee728b)
Start importing Assets/Scripts/DeltaDNAManager.cs using Guid(f5b6b1527b1166c468f9059e07fec456) Importer(815301076,1909f56bfc062723c751e8b465ee728b)  -> (artifact id: '6d0cc0f93c5d32c480d783cd9c415a07') in 0.046370 seconds
  Import took 0.052710 seconds .

========================================================================
Received Prepare
Registering precompiled user dll's ...
Registered in 0.007155 seconds.
Begin MonoManager ReloadAssembly
Native extension for WindowsStandalone target not found
Native extension for WebGL target not found
Refreshing native plugins compatible for Editor in 1.03 ms, found 1 plugins.
Preloading 0 native plugins for Editor in 0.00 ms.
Invoked RoslynAnalysisRunner static constructor.
RoslynAnalysisRunner will not be running.
RoslynAnalysisRunner has terminated.
Mono: successfully reloaded assembly
- Completed reload, in  4.453 seconds
Platform modules already initialized, skipping
Detected possible issues with the DeltaDNA SDK configuration. Please run 'DeltaDNA -> Health Check SDK' for more details.
UnityEngine.StackTraceUtility:ExtractStackTrace ()
UnityEngine.DebugLogHandler:LogFormat (UnityEngine.LogType,UnityEngine.Object,string,object[])
UnityEngine.Logger:Log (UnityEngine.LogType,object)
UnityEngine.Debug:LogWarning (object)
DeltaDNA.Editor.SdkChecker/<>c:<.cctor>b__2_0 (object,System.Timers.ElapsedEventArgs) (at Assets/DeltaDNA/Editor/SdkChecker.cs:36)
System.Timers.Timer:MyTimerCallback (object)
System.Threading.Timer/Scheduler:TimerCB (object)
System.Threading.QueueUserWorkItemCallback:System.Threading.IThreadPoolWorkItem.ExecuteWorkItem ()
System.Threading.ThreadPoolWorkQueue:Dispatch ()
System.Threading._ThreadPoolWaitCallback:PerformWaitCallback ()

(Filename: Assets/DeltaDNA/Editor/SdkChecker.cs Line: 36)

Refreshing native plugins compatible for Editor in 0.70 ms, found 1 plugins.
Preloading 0 native plugins for Editor in 0.00 ms.
Unloading 1872 Unused Serialized files (Serialized files now loaded: 0)
System memory in use before: 90.4 MB.
System memory in use after: 90.4 MB.

Unloading 24 unused Assets to reduce memory usage. Loaded Objects now: 2324.
Total: 7.278200 ms (FindLiveObjects: 0.464100 ms CreateObjectMapping: 0.168300 ms MarkObjects: 6.372100 ms  DeleteObjects: 0.270700 ms)

========================================================================
Received Import Request.
  Time since last request: 14.070114 seconds.
  path: Assets/Scripts/GameTuneManager.cs
  artifactKey: Guid(9e8da140f8fa35c40a51c1ebe21d9316) Importer(815301076,1909f56bfc062723c751e8b465ee728b)
Start importing Assets/Scripts/GameTuneManager.cs using Guid(9e8da140f8fa35c40a51c1ebe21d9316) Importer(815301076,1909f56bfc062723c751e8b465ee728b)  -> (artifact id: '8b4167b7ac91c7fb17c6293491ba4c84') in 0.017975 seconds
  Import took 0.026829 seconds .

========================================================================
Received Prepare
Registering precompiled user dll's ...
Registered in 0.004497 seconds.
Begin MonoManager ReloadAssembly
Native extension for WindowsStandalone target not found
Native extension for WebGL target not found
Refreshing native plugins compatible for Editor in 0.78 ms, found 1 plugins.
Preloading 0 native plugins for Editor in 0.00 ms.
Invoked RoslynAnalysisRunner static constructor.
RoslynAnalysisRunner will not be running.
RoslynAnalysisRunner has terminated.
Mono: successfully reloaded assembly
- Completed reload, in  4.050 seconds
Platform modules already initialized, skipping
Detected possible issues with the DeltaDNA SDK configuration. Please run 'DeltaDNA -> Health Check SDK' for more details.
UnityEngine.StackTraceUtility:ExtractStackTrace ()
UnityEngine.DebugLogHandler:LogFormat (UnityEngine.LogType,UnityEngine.Object,string,object[])
UnityEngine.Logger:Log (UnityEngine.LogType,object)
UnityEngine.Debug:LogWarning (object)
DeltaDNA.Editor.SdkChecker/<>c:<.cctor>b__2_0 (object,System.Timers.ElapsedEventArgs) (at Assets/DeltaDNA/Editor/SdkChecker.cs:36)
System.Timers.Timer:MyTimerCallback (object)
System.Threading.Timer/Scheduler:TimerCB (object)
System.Threading.QueueUserWorkItemCallback:System.Threading.IThreadPoolWorkItem.ExecuteWorkItem ()
System.Threading.ThreadPoolWorkQueue:Dispatch ()
System.Threading._ThreadPoolWaitCallback:PerformWaitCallback ()

(Filename: Assets/DeltaDNA/Editor/SdkChecker.cs Line: 36)

Refreshing native plugins compatible for Editor in 1.38 ms, found 1 plugins.
Preloading 0 native plugins for Editor in 0.00 ms.
Unloading 1873 Unused Serialized files (Serialized files now loaded: 0)
System memory in use before: 90.6 MB.
System memory in use after: 90.6 MB.

Unloading 24 unused Assets to reduce memory usage. Loaded Objects now: 2328.
Total: 5.972900 ms (FindLiveObjects: 0.396600 ms CreateObjectMapping: 0.121300 ms MarkObjects: 5.197100 ms  DeleteObjects: 0.255200 ms)

========================================================================
Received Import Request.
  Time since last request: 22.506198 seconds.
  path: Assets/Scenes
  artifactKey: Guid(05b35447af547ec4ab2ea5fe612fe535) Importer(815301076,1909f56bfc062723c751e8b465ee728b)
Start importing Assets/Scenes using Guid(05b35447af547ec4ab2ea5fe612fe535) Importer(815301076,1909f56bfc062723c751e8b465ee728b)  -> (artifact id: 'c176cd2e64f16367ea65baa8ecc24137') in 0.020267 seconds
  Import took 0.028042 seconds .

========================================================================
Received Import Request.
  Time since last request: 1.625375 seconds.
  path: Assets/Scenes/SampleScene.unity
  artifactKey: Guid(2cda990e2423bbf4892e6590ba056729) Importer(815301076,1909f56bfc062723c751e8b465ee728b)
Start importing Assets/Scenes/SampleScene.unity using Guid(2cda990e2423bbf4892e6590ba056729) Importer(815301076,1909f56bfc062723c751e8b465ee728b)  -> (artifact id: '694ca9c96bcf791ec7b87cc957ec53a1') in 0.035020 seconds
  Import took 0.042818 seconds .

========================================================================
Received Prepare
Registering precompiled user dll's ...
Registered in 0.012900 seconds.
Begin MonoManager ReloadAssembly
Native extension for WindowsStandalone target not found
Native extension for WebGL target not found
Refreshing native plugins compatible for Editor in 1.24 ms, found 1 plugins.
Preloading 0 native plugins for Editor in 0.00 ms.
Invoked RoslynAnalysisRunner static constructor.
RoslynAnalysisRunner will not be running.
RoslynAnalysisRunner has terminated.
Mono: successfully reloaded assembly
- Completed reload, in  4.288 seconds
Platform modules already initialized, skipping
Refreshing native plugins compatible for Editor in 0.60 ms, found 1 plugins.
Preloading 0 native plugins for Editor in 0.00 ms.
Unloading 1882 Unused Serialized files (Serialized files now loaded: 0)
System memory in use before: 90.9 MB.
System memory in use after: 90.9 MB.

Unloading 31 unused Assets to reduce memory usage. Loaded Objects now: 2336.
Total: 8.804600 ms (FindLiveObjects: 0.714300 ms CreateObjectMapping: 0.170500 ms MarkObjects: 7.426500 ms  DeleteObjects: 0.488300 ms)

========================================================================
Received Prepare
Registering precompiled user dll's ...
Registered in 0.018651 seconds.
Begin MonoManager ReloadAssembly
Native extension for WindowsStandalone target not found
Native extension for WebGL target not found
Refreshing native plugins compatible for Editor in 1.27 ms, found 1 plugins.
Preloading 0 native plugins for Editor in 0.00 ms.
Invoked RoslynAnalysisRunner static constructor.
RoslynAnalysisRunner will not be running.
RoslynAnalysisRunner has terminated.
Mono: successfully reloaded assembly
- Completed reload, in  4.762 seconds
Platform modules already initialized, skipping
Refreshing native plugins compatible for Editor in 1.77 ms, found 1 plugins.
Preloading 0 native plugins for Editor in 0.00 ms.
Unloading 1882 Unused Serialized files (Serialized files now loaded: 0)
System memory in use before: 91.0 MB.
System memory in use after: 91.0 MB.

Unloading 31 unused Assets to reduce memory usage. Loaded Objects now: 2339.
Total: 7.225200 ms (FindLiveObjects: 0.663800 ms CreateObjectMapping: 0.367700 ms MarkObjects: 5.906400 ms  DeleteObjects: 0.284200 ms)

========================================================================
Received Prepare
Registering precompiled user dll's ...
Registered in 0.015856 seconds.
Begin MonoManager ReloadAssembly
Native extension for WindowsStandalone target not found
Native extension for WebGL target not found
Refreshing native plugins compatible for Editor in 0.81 ms, found 1 plugins.
Preloading 0 native plugins for Editor in 0.00 ms.
Invoked RoslynAnalysisRunner static constructor.
RoslynAnalysisRunner will not be running.
RoslynAnalysisRunner has terminated.
Mono: successfully reloaded assembly
- Completed reload, in  4.150 seconds
Platform modules already initialized, skipping
Refreshing native plugins compatible for Editor in 1.35 ms, found 1 plugins.
Preloading 0 native plugins for Editor in 0.00 ms.
Unloading 1882 Unused Serialized files (Serialized files now loaded: 0)
System memory in use before: 91.1 MB.
System memory in use after: 91.1 MB.

Unloading 31 unused Assets to reduce memory usage. Loaded Objects now: 2342.
Total: 6.766000 ms (FindLiveObjects: 0.545700 ms CreateObjectMapping: 0.172200 ms MarkObjects: 5.729300 ms  DeleteObjects: 0.316100 ms)

========================================================================
Received Prepare
Registering precompiled user dll's ...
Registered in 0.029211 seconds.
Begin MonoManager ReloadAssembly
Native extension for WindowsStandalone target not found
Native extension for WebGL target not found
Refreshing native plugins compatible for Editor in 1.69 ms, found 1 plugins.
Preloading 0 native plugins for Editor in 0.00 ms.
Invoked RoslynAnalysisRunner static constructor.
RoslynAnalysisRunner will not be running.
RoslynAnalysisRunner has terminated.
Mono: successfully reloaded assembly
- Completed reload, in  5.853 seconds
Platform modules already initialized, skipping
Refreshing native plugins compatible for Editor in 1.37 ms, found 1 plugins.
Preloading 0 native plugins for Editor in 0.00 ms.
Unloading 1882 Unused Serialized files (Serialized files now loaded: 0)
System memory in use before: 91.1 MB.
System memory in use after: 91.1 MB.

Unloading 31 unused Assets to reduce memory usage. Loaded Objects now: 2345.
Total: 7.645800 ms (FindLiveObjects: 0.875600 ms CreateObjectMapping: 0.373900 ms MarkObjects: 5.917700 ms  DeleteObjects: 0.472900 ms)

========================================================================
Received Prepare
Registering precompiled user dll's ...
Registered in 0.012577 seconds.
Begin MonoManager ReloadAssembly
Native extension for WindowsStandalone target not found
Native extension for WebGL target not found
Refreshing native plugins compatible for Editor in 1.04 ms, found 1 plugins.
Preloading 0 native plugins for Editor in 0.00 ms.
Invoked RoslynAnalysisRunner static constructor.
RoslynAnalysisRunner will not be running.
RoslynAnalysisRunner has terminated.
Mono: successfully reloaded assembly
- Completed reload, in  4.103 seconds
Platform modules already initialized, skipping
Refreshing native plugins compatible for Editor in 0.91 ms, found 1 plugins.
Preloading 0 native plugins for Editor in 0.00 ms.
Unloading 1882 Unused Serialized files (Serialized files now loaded: 0)
System memory in use before: 91.2 MB.
System memory in use after: 91.2 MB.

Unloading 31 unused Assets to reduce memory usage. Loaded Objects now: 2348.
Total: 4.583300 ms (FindLiveObjects: 0.356500 ms CreateObjectMapping: 0.096100 ms MarkObjects: 3.948100 ms  DeleteObjects: 0.180900 ms)

========================================================================
Received Prepare
Registering precompiled user dll's ...
Registered in 0.015171 seconds.
Begin MonoManager ReloadAssembly
Native extension for WindowsStandalone target not found
Native extension for WebGL target not found
Refreshing native plugins compatible for Editor in 0.81 ms, found 1 plugins.
Preloading 0 native plugins for Editor in 0.00 ms.
Invoked RoslynAnalysisRunner static constructor.
RoslynAnalysisRunner will not be running.
RoslynAnalysisRunner has terminated.
Mono: successfully reloaded assembly
- Completed reload, in  3.043 seconds
Platform modules already initialized, skipping
Refreshing native plugins compatible for Editor in 1.22 ms, found 1 plugins.
Preloading 0 native plugins for Editor in 0.00 ms.
Unloading 1882 Unused Serialized files (Serialized files now loaded: 0)
System memory in use before: 91.3 MB.
System memory in use after: 91.3 MB.

Unloading 31 unused Assets to reduce memory usage. Loaded Objects now: 2351.
Total: 5.473400 ms (FindLiveObjects: 0.402300 ms CreateObjectMapping: 0.120000 ms MarkObjects: 4.561200 ms  DeleteObjects: 0.386900 ms)

========================================================================
Received Prepare
Registering precompiled user dll's ...
Registered in 0.016031 seconds.
Begin MonoManager ReloadAssembly
Native extension for WindowsStandalone target not found
Native extension for WebGL target not found
Refreshing native plugins compatible for Editor in 1.36 ms, found 1 plugins.
Preloading 0 native plugins for Editor in 0.00 ms.
Invoked RoslynAnalysisRunner static constructor.
RoslynAnalysisRunner will not be running.
RoslynAnalysisRunner has terminated.
Mono: successfully reloaded assembly
- Completed reload, in  4.267 seconds
Platform modules already initialized, skipping
Refreshing native plugins compatible for Editor in 1.20 ms, found 1 plugins.
Preloading 0 native plugins for Editor in 0.00 ms.
Unloading 1882 Unused Serialized files (Serialized files now loaded: 0)
System memory in use before: 91.4 MB.
System memory in use after: 91.4 MB.

Unloading 31 unused Assets to reduce memory usage. Loaded Objects now: 2354.
Total: 6.281800 ms (FindLiveObjects: 0.387200 ms CreateObjectMapping: 0.137400 ms MarkObjects: 5.466600 ms  DeleteObjects: 0.287500 ms)

========================================================================
Received Import Request.
  Time since last request: 95588.735450 seconds.
  path: Assets/Scripts/DeltaDNAManager.cs
  artifactKey: Guid(f5b6b1527b1166c468f9059e07fec456) Importer(815301076,1909f56bfc062723c751e8b465ee728b)
Start importing Assets/Scripts/DeltaDNAManager.cs using Guid(f5b6b1527b1166c468f9059e07fec456) Importer(815301076,1909f56bfc062723c751e8b465ee728b)  -> (artifact id: '503a462a360f0d5c85b472164db5a048') in 0.037600 seconds
  Import took 0.062698 seconds .

========================================================================
Received Prepare
Registering precompiled user dll's ...
Registered in 0.014544 seconds.
Begin MonoManager ReloadAssembly
Native extension for WindowsStandalone target not found
Native extension for WebGL target not found
Refreshing native plugins compatible for Editor in 1.50 ms, found 1 plugins.
Preloading 0 native plugins for Editor in 0.00 ms.
Invoked RoslynAnalysisRunner static constructor.
RoslynAnalysisRunner will not be running.
RoslynAnalysisRunner has terminated.
Mono: successfully reloaded assembly
- Completed reload, in  3.590 seconds
Platform modules already initialized, skipping
Refreshing native plugins compatible for Editor in 0.70 ms, found 1 plugins.
Preloading 0 native plugins for Editor in 0.00 ms.
Unloading 1882 Unused Serialized files (Serialized files now loaded: 0)
System memory in use before: 91.4 MB.
System memory in use after: 91.4 MB.

Unloading 31 unused Assets to reduce memory usage. Loaded Objects now: 2357.
Total: 6.389000 ms (FindLiveObjects: 0.543400 ms CreateObjectMapping: 0.230800 ms MarkObjects: 5.316000 ms  DeleteObjects: 0.295400 ms)

========================================================================
Received Import Request.
  Time since last request: 10287.567813 seconds.
  path: Assets/Scripts/DeltaDNAManager.cs
  artifactKey: Guid(f5b6b1527b1166c468f9059e07fec456) Importer(815301076,1909f56bfc062723c751e8b465ee728b)
Start importing Assets/Scripts/DeltaDNAManager.cs using Guid(f5b6b1527b1166c468f9059e07fec456) Importer(815301076,1909f56bfc062723c751e8b465ee728b)  -> (artifact id: '7ae63f30f729ddc8ef014f0030fc5372') in 0.015426 seconds
  Import took 0.023569 seconds .

========================================================================
Received Prepare
Registering precompiled user dll's ...
Registered in 0.016008 seconds.
Begin MonoManager ReloadAssembly
Native extension for WindowsStandalone target not found
Native extension for WebGL target not found
Refreshing native plugins compatible for Editor in 1.61 ms, found 1 plugins.
Preloading 0 native plugins for Editor in 0.00 ms.
Invoked RoslynAnalysisRunner static constructor.
RoslynAnalysisRunner will not be running.
RoslynAnalysisRunner has terminated.
Mono: successfully reloaded assembly
- Completed reload, in  4.712 seconds
Platform modules already initialized, skipping
Refreshing native plugins compatible for Editor in 1.26 ms, found 1 plugins.
Preloading 0 native plugins for Editor in 0.00 ms.
Unloading 1882 Unused Serialized files (Serialized files now loaded: 0)
System memory in use before: 91.5 MB.
System memory in use after: 91.5 MB.

Unloading 31 unused Assets to reduce memory usage. Loaded Objects now: 2360.
Total: 7.112200 ms (FindLiveObjects: 0.440300 ms CreateObjectMapping: 0.118700 ms MarkObjects: 6.040800 ms  DeleteObjects: 0.508000 ms)

AssetImportWorkerClient::OnTransportError - code=2 error=End of file
